生成启动时间为 2017/6/2 14:42:02。
     1>项目“d:\用户目录\我的文档\visual studio 2013\Projects\Unicorn_Engine\Unicorn_Engine\Unicorn_Engine.vcxproj”在节点 2 上(Build 个目标)。
     1>ClCompile:
         D:\Microsoft Visual Studio 14.0\VC\bin\CL.exe /c /ZI /nologo /W3 /WX- /sdl /Od /Oy- /D _MBCS /Gm /EHsc /RTC1 /MDd /GS /fp:precise /Zc:wchar_t /Zc:forScope /Fo"Debug\\" /Fd"Debug\vc120.pdb" /Gd /TP /analyze- /errorReport:prompt  /D _CRT_SECURE_NO_WARNINGS ..\Include\TestScene.cpp ..\Include\UcParticles.cpp ..\Include\UcStandardMemPool.cpp
         UcParticles.cpp
     1>c:\program files (x86)\windows kits\8.1\include\shared\minwindef.h(130): warning C4005: “APIENTRY”: 宏重定义
                 d:\用户目录\我的文档\visual studio 2013\projects\unicorn_engine\include\glfw\glfw3.h(98) : 参见“APIENTRY”的前一个定义
     1>d:\用户目录\我的文档\visual studio 2013\projects\unicorn_engine\include\ucmath.h(50): warning C4244: “return”: 从“const int”转换到“float”，可能丢失数据
     1>d:\用户目录\我的文档\visual studio 2013\projects\unicorn_engine\include\ucparticles.cpp(182): warning C4018: “<”: 有符号/无符号不匹配
     1>d:\用户目录\我的文档\visual studio 2013\projects\unicorn_engine\include\ucparticles.cpp(222): warning C4018: “<”: 有符号/无符号不匹配
         TestScene.cpp
     1>d:\用户目录\我的文档\visual studio 2013\projects\unicorn_engine\include\ucmath.h(50): warning C4244: “return”: 从“const int”转换到“float”，可能丢失数据
     1>d:\用户目录\我的文档\visual studio 2013\projects\unicorn_engine\include\freetype\freetype.h(2619): warning C4819: 该文件包含不能在当前代码页(936)中表示的字符。请将该文件保存为 Unicode 格式以防止数据丢失
     1>d:\用户目录\我的文档\visual studio 2013\projects\unicorn_engine\include\ucfont.h(52): warning C4244: “return”: 从“const unsigned int”转换到“float”，可能丢失数据
     1>d:\用户目录\我的文档\visual studio 2013\projects\unicorn_engine\include\ucfont.h(52): warning C4244: “=”: 从“const float”转换到“unsigned int”，可能丢失数据
     1>d:\用户目录\我的文档\visual studio 2013\projects\unicorn_engine\include\testscene.cpp(52): warning C4244: “=”: 从“double”转换到“float”，可能丢失数据
     1>d:\用户目录\我的文档\visual studio 2013\projects\unicorn_engine\include\testscene.cpp(53): warning C4244: “=”: 从“double”转换到“float”，可能丢失数据
     1>d:\用户目录\我的文档\visual studio 2013\projects\unicorn_engine\include\testscene.cpp(58): warning C4244: “=”: 从“double”转换到“float”，可能丢失数据
     1>d:\用户目录\我的文档\visual studio 2013\projects\unicorn_engine\include\testscene.cpp(59): warning C4244: “=”: 从“double”转换到“float”，可能丢失数据
     1>d:\用户目录\我的文档\visual studio 2013\projects\unicorn_engine\include\testscene.cpp(64): warning C4244: “=”: 从“double”转换到“float”，可能丢失数据
     1>d:\用户目录\我的文档\visual studio 2013\projects\unicorn_engine\include\testscene.cpp(65): warning C4244: “=”: 从“double”转换到“float”，可能丢失数据
         正在生成代码...
         正在编译...
         UcStandardMemPool.cpp
     1>c:\program files (x86)\windows kits\8.1\include\shared\minwindef.h(130): warning C4005: “APIENTRY”: 宏重定义
                 d:\用户目录\我的文档\visual studio 2013\projects\unicorn_engine\include\glfw\glfw3.h(98) : 参见“APIENTRY”的前一个定义
         正在生成代码...
       Link:
         D:\Microsoft Visual Studio 14.0\VC\bin\link.exe /ERRORREPORT:PROMPT /OUT:"d:\用户目录\我的文档\visual studio 2013\Projects\Unicorn_Engine\Debug\Unicorn_Engine.exe" /INCREMENTAL /NOLOGO glfw3.lib glew32.lib opengl32.lib SOIL.lib FreeImaged.lib assimp.lib freetype28.lib kernel32.lib user32.lib gdi32.lib winspool.lib comdlg32.lib advapi32.lib shell32.lib ole32.lib oleaut32.lib uuid.lib odbc32.lib odbccp32.lib /MANIFEST /MANIFESTUAC:"level='asInvoker' uiAccess='false'" /manifest:embed /DEBUG /PDB:"d:\用户目录\我的文档\visual studio 2013\Projects\Unicorn_Engine\Debug\Unicorn_Engine.pdb" /TLBID:1 /DYNAMICBASE /NXCOMPAT /IMPLIB:"d:\用户目录\我的文档\visual studio 2013\Projects\Unicorn_Engine\Debug\Unicorn_Engine.lib" /MACHINE:X86 Debug\UcAnimateCtrl.obj
         Debug\UcBillboard.obj
         Debug\UcBoundingBox.obj
         Debug\UcDirectionalLight.obj
         Debug\UcFrameBuffer.obj
         Debug\UcGLBuffer.obj
         Debug\UcLinkList.obj
         Debug\UcMap.obj
         Debug\UcMath.obj
         Debug\UcModel.obj
         Debug\TestScene.obj
         Debug\UcAnimateMgr.obj
         Debug\UcApplication.obj
         Debug\UcBuffer.obj
         Debug\UcCamera.obj
         Debug\UcColor.obj
         Debug\UcComponent.obj
         Debug\UcController.obj
         Debug\UcCube.obj
         Debug\UcCubeTexture.obj
         Debug\UcEntity.obj
         Debug\UcEvent.obj
         Debug\UcEventDispatcher.obj
         Debug\UcConsole.obj
         Debug\UcEventNode.obj
         Debug\UcFont.obj
         Debug\UcGame.obj
         Debug\UcHud.obj
         Debug\UcIndexBuffer.obj
         Debug\UcLight.obj
         Debug\UcLogger.obj
         Debug\UcMainCamera.obj
         Debug\UcMaterial.obj
         Debug\UcMemPool.obj
         Debug\UcMemPoolMgr.obj
         Debug\UcMesh.obj
         Debug\UcMotion.obj
         Debug\UcNode.obj
         Debug\UcNodePtr.obj
         Debug\UcParticleMgr.obj
         Debug\UcParticles.obj
         Debug\UcPlane.obj
         Debug\UcPointLight.obj
         Debug\UcQuaternion.obj
         Debug\UcRandomTexture.obj
         Debug\UcRay.obj
         Debug\UcRenderableObject.obj
         Debug\UcRenderCommand.obj
         Debug\UcRenderData.obj
         Debug\UcRenderer.obj
         Debug\UcRendererComponenet.obj
         Debug\UcRenderQueue.obj
         Debug\UcScene.obj
         Debug\UcSceneMgr.obj
         Debug\UcShader.obj
         Debug\UcShaderMgr.obj
         Debug\UcShaderProgram.obj
         Debug\UcShadowMap.obj
         Debug\UcSize.obj
         Debug\UcSkybox.obj
         Debug\UcSmartPtr.obj
         Debug\UcStandardMemPool.obj
         Debug\UcText.obj
         Debug\UcTexture.obj
         Debug\UcTextureMap.obj
         Debug\UcToolBox.obj
         Debug\UcTransform.obj
         Debug\UcTweener.obj
         Debug\UcVector3.obj
         Debug\UcGLVertexBuffer.obj
         Debug\UcVertexBuffer.obj
         Debug\UcViewport.obj
         Debug\UcReference.obj
         Debug\UcRenderMgr.obj
         Debug\UcTextureMgr.obj
         Debug\UcObject.obj
         Debug\UcPackage.obj
         Debug\UcVector2.obj
         Debug\UcVBuffer.obj
         Debug\main.obj
         Debug\UcMatrix.obj
         Debug\UcMeshes.obj
         Unicorn_Engine.vcxproj -> d:\用户目录\我的文档\visual studio 2013\Projects\Unicorn_Engine\Debug\Unicorn_Engine.exe
     1>已完成生成项目“d:\用户目录\我的文档\visual studio 2013\Projects\Unicorn_Engine\Unicorn_Engine\Unicorn_Engine.vcxproj”(Build 个目标)的操作。

生成成功。

已用时间 00:00:14.32
