d:\用户目录\我的文档\visual studio 2013\projects\unicorn_engine\unicorn_engine\debug\vc120.pdb
d:\用户目录\我的文档\visual studio 2013\projects\unicorn_engine\unicorn_engine\debug\vc120.idb
d:\用户目录\我的文档\visual studio 2013\projects\unicorn_engine\unicorn_engine\debug\ucstandardmempool.obj
d:\用户目录\我的文档\visual studio 2013\projects\unicorn_engine\unicorn_engine\debug\uctexture.obj
d:\用户目录\我的文档\visual studio 2013\projects\unicorn_engine\unicorn_engine\debug\uctexturemap.obj
d:\用户目录\我的文档\visual studio 2013\projects\unicorn_engine\unicorn_engine\debug\uctoolbox.obj
d:\用户目录\我的文档\visual studio 2013\projects\unicorn_engine\unicorn_engine\debug\uctransform.obj
d:\用户目录\我的文档\visual studio 2013\projects\unicorn_engine\unicorn_engine\debug\uctweener.obj
d:\用户目录\我的文档\visual studio 2013\projects\unicorn_engine\unicorn_engine\debug\ucvector3.obj
d:\用户目录\我的文档\visual studio 2013\projects\unicorn_engine\unicorn_engine\debug\ucglvertexbuffer.obj
d:\用户目录\我的文档\visual studio 2013\projects\unicorn_engine\unicorn_engine\debug\ucvertexbuffer.obj
d:\用户目录\我的文档\visual studio 2013\projects\unicorn_engine\unicorn_engine\debug\ucviewport.obj
d:\用户目录\我的文档\visual studio 2013\projects\unicorn_engine\unicorn_engine\debug\ucreference.obj
d:\用户目录\我的文档\visual studio 2013\projects\unicorn_engine\unicorn_engine\debug\ucrendermgr.obj
d:\用户目录\我的文档\visual studio 2013\projects\unicorn_engine\unicorn_engine\debug\uctexturemgr.obj
d:\用户目录\我的文档\visual studio 2013\projects\unicorn_engine\unicorn_engine\debug\ucobject.obj
d:\用户目录\我的文档\visual studio 2013\projects\unicorn_engine\unicorn_engine\debug\ucpackage.obj
d:\用户目录\我的文档\visual studio 2013\projects\unicorn_engine\unicorn_engine\debug\ucvector2.obj
d:\用户目录\我的文档\visual studio 2013\projects\unicorn_engine\unicorn_engine\debug\ucvbuffer.obj
d:\用户目录\我的文档\visual studio 2013\projects\unicorn_engine\unicorn_engine\debug\main.obj
d:\用户目录\我的文档\visual studio 2013\projects\unicorn_engine\unicorn_engine\debug\ucmatrix.obj
d:\用户目录\我的文档\visual studio 2013\projects\unicorn_engine\unicorn_engine\debug\ucmeshes.obj
d:\用户目录\我的文档\visual studio 2013\projects\unicorn_engine\unicorn_engine\debug\ucplane.obj
d:\用户目录\我的文档\visual studio 2013\projects\unicorn_engine\unicorn_engine\debug\ucpointlight.obj
d:\用户目录\我的文档\visual studio 2013\projects\unicorn_engine\unicorn_engine\debug\ucquaternion.obj
d:\用户目录\我的文档\visual studio 2013\projects\unicorn_engine\unicorn_engine\debug\ucrandomtexture.obj
d:\用户目录\我的文档\visual studio 2013\projects\unicorn_engine\unicorn_engine\debug\ucray.obj
d:\用户目录\我的文档\visual studio 2013\projects\unicorn_engine\unicorn_engine\debug\ucrenderableobject.obj
d:\用户目录\我的文档\visual studio 2013\projects\unicorn_engine\unicorn_engine\debug\ucrendercommand.obj
d:\用户目录\我的文档\visual studio 2013\projects\unicorn_engine\unicorn_engine\debug\ucrenderdata.obj
d:\用户目录\我的文档\visual studio 2013\projects\unicorn_engine\unicorn_engine\debug\ucrenderer.obj
d:\用户目录\我的文档\visual studio 2013\projects\unicorn_engine\unicorn_engine\debug\ucrenderercomponenet.obj
d:\用户目录\我的文档\visual studio 2013\projects\unicorn_engine\unicorn_engine\debug\ucrenderqueue.obj
d:\用户目录\我的文档\visual studio 2013\projects\unicorn_engine\unicorn_engine\debug\ucscene.obj
d:\用户目录\我的文档\visual studio 2013\projects\unicorn_engine\unicorn_engine\debug\ucscenemgr.obj
d:\用户目录\我的文档\visual studio 2013\projects\unicorn_engine\unicorn_engine\debug\ucshader.obj
d:\用户目录\我的文档\visual studio 2013\projects\unicorn_engine\unicorn_engine\debug\ucshadermgr.obj
d:\用户目录\我的文档\visual studio 2013\projects\unicorn_engine\unicorn_engine\debug\ucshaderprogram.obj
d:\用户目录\我的文档\visual studio 2013\projects\unicorn_engine\unicorn_engine\debug\ucshadowmap.obj
d:\用户目录\我的文档\visual studio 2013\projects\unicorn_engine\unicorn_engine\debug\ucsize.obj
d:\用户目录\我的文档\visual studio 2013\projects\unicorn_engine\unicorn_engine\debug\ucskybox.obj
d:\用户目录\我的文档\visual studio 2013\projects\unicorn_engine\unicorn_engine\debug\ucsmartptr.obj
d:\用户目录\我的文档\visual studio 2013\projects\unicorn_engine\unicorn_engine\debug\ucevent.obj
d:\用户目录\我的文档\visual studio 2013\projects\unicorn_engine\unicorn_engine\debug\uceventdispatcher.obj
d:\用户目录\我的文档\visual studio 2013\projects\unicorn_engine\unicorn_engine\debug\ucconsole.obj
d:\用户目录\我的文档\visual studio 2013\projects\unicorn_engine\unicorn_engine\debug\uceventnode.obj
d:\用户目录\我的文档\visual studio 2013\projects\unicorn_engine\unicorn_engine\debug\ucfont.obj
d:\用户目录\我的文档\visual studio 2013\projects\unicorn_engine\unicorn_engine\debug\ucgame.obj
d:\用户目录\我的文档\visual studio 2013\projects\unicorn_engine\unicorn_engine\debug\uchud.obj
d:\用户目录\我的文档\visual studio 2013\projects\unicorn_engine\unicorn_engine\debug\ucindexbuffer.obj
d:\用户目录\我的文档\visual studio 2013\projects\unicorn_engine\unicorn_engine\debug\uclight.obj
d:\用户目录\我的文档\visual studio 2013\projects\unicorn_engine\unicorn_engine\debug\uclogger.obj
d:\用户目录\我的文档\visual studio 2013\projects\unicorn_engine\unicorn_engine\debug\ucmaincamera.obj
d:\用户目录\我的文档\visual studio 2013\projects\unicorn_engine\unicorn_engine\debug\ucmaterial.obj
d:\用户目录\我的文档\visual studio 2013\projects\unicorn_engine\unicorn_engine\debug\ucmempool.obj
d:\用户目录\我的文档\visual studio 2013\projects\unicorn_engine\unicorn_engine\debug\ucmempoolmgr.obj
d:\用户目录\我的文档\visual studio 2013\projects\unicorn_engine\unicorn_engine\debug\ucmesh.obj
d:\用户目录\我的文档\visual studio 2013\projects\unicorn_engine\unicorn_engine\debug\ucmotion.obj
d:\用户目录\我的文档\visual studio 2013\projects\unicorn_engine\unicorn_engine\debug\ucnode.obj
d:\用户目录\我的文档\visual studio 2013\projects\unicorn_engine\unicorn_engine\debug\ucnodeptr.obj
d:\用户目录\我的文档\visual studio 2013\projects\unicorn_engine\unicorn_engine\debug\ucparticlemgr.obj
d:\用户目录\我的文档\visual studio 2013\projects\unicorn_engine\unicorn_engine\debug\ucparticles.obj
d:\用户目录\我的文档\visual studio 2013\projects\unicorn_engine\unicorn_engine\debug\ucanimatectrl.obj
d:\用户目录\我的文档\visual studio 2013\projects\unicorn_engine\unicorn_engine\debug\ucbillboard.obj
d:\用户目录\我的文档\visual studio 2013\projects\unicorn_engine\unicorn_engine\debug\ucboundingbox.obj
d:\用户目录\我的文档\visual studio 2013\projects\unicorn_engine\unicorn_engine\debug\ucdirectionallight.obj
d:\用户目录\我的文档\visual studio 2013\projects\unicorn_engine\unicorn_engine\debug\ucframebuffer.obj
d:\用户目录\我的文档\visual studio 2013\projects\unicorn_engine\unicorn_engine\debug\ucglbuffer.obj
d:\用户目录\我的文档\visual studio 2013\projects\unicorn_engine\unicorn_engine\debug\ucmap.obj
d:\用户目录\我的文档\visual studio 2013\projects\unicorn_engine\unicorn_engine\debug\ucmath.obj
d:\用户目录\我的文档\visual studio 2013\projects\unicorn_engine\unicorn_engine\debug\ucmodel.obj
d:\用户目录\我的文档\visual studio 2013\projects\unicorn_engine\unicorn_engine\debug\testscene.obj
d:\用户目录\我的文档\visual studio 2013\projects\unicorn_engine\unicorn_engine\debug\ucanimatemgr.obj
d:\用户目录\我的文档\visual studio 2013\projects\unicorn_engine\unicorn_engine\debug\ucapplication.obj
d:\用户目录\我的文档\visual studio 2013\projects\unicorn_engine\unicorn_engine\debug\ucbuffer.obj
d:\用户目录\我的文档\visual studio 2013\projects\unicorn_engine\unicorn_engine\debug\uccamera.obj
d:\用户目录\我的文档\visual studio 2013\projects\unicorn_engine\unicorn_engine\debug\uccolor.obj
d:\用户目录\我的文档\visual studio 2013\projects\unicorn_engine\unicorn_engine\debug\uccomponent.obj
d:\用户目录\我的文档\visual studio 2013\projects\unicorn_engine\unicorn_engine\debug\uccontroller.obj
d:\用户目录\我的文档\visual studio 2013\projects\unicorn_engine\unicorn_engine\debug\uccube.obj
d:\用户目录\我的文档\visual studio 2013\projects\unicorn_engine\unicorn_engine\debug\uccubetexture.obj
d:\用户目录\我的文档\visual studio 2013\projects\unicorn_engine\unicorn_engine\debug\ucentity.obj
d:\用户目录\我的文档\visual studio 2013\projects\unicorn_engine\unicorn_engine\debug\uctext.obj
d:\用户目录\我的文档\visual studio 2013\projects\unicorn_engine\debug\unicorn_engine.ilk
d:\用户目录\我的文档\visual studio 2013\projects\unicorn_engine\debug\unicorn_engine.exe
d:\用户目录\我的文档\visual studio 2013\projects\unicorn_engine\debug\unicorn_engine.pdb
d:\用户目录\我的文档\visual studio 2013\projects\unicorn_engine\unicorn_engine\debug\unicorn_engine.tlog\cl.command.1.tlog
d:\用户目录\我的文档\visual studio 2013\projects\unicorn_engine\unicorn_engine\debug\unicorn_engine.tlog\cl.read.1.tlog
d:\用户目录\我的文档\visual studio 2013\projects\unicorn_engine\unicorn_engine\debug\unicorn_engine.tlog\cl.write.1.tlog
d:\用户目录\我的文档\visual studio 2013\projects\unicorn_engine\unicorn_engine\debug\unicorn_engine.tlog\link.command.1.tlog
d:\用户目录\我的文档\visual studio 2013\projects\unicorn_engine\unicorn_engine\debug\unicorn_engine.tlog\link.read.1.tlog
d:\用户目录\我的文档\visual studio 2013\projects\unicorn_engine\unicorn_engine\debug\unicorn_engine.tlog\link.write.1.tlog
