d:\用户目录\我的文档\visual studio 2013\projects\unicorn_engine\unicorn_engine\release\vc120.pdb
d:\用户目录\我的文档\visual studio 2013\projects\unicorn_engine\unicorn_engine\release\uceventdispatcher.obj
d:\用户目录\我的文档\visual studio 2013\projects\unicorn_engine\unicorn_engine\release\ucevent.obj
d:\用户目录\我的文档\visual studio 2013\projects\unicorn_engine\unicorn_engine\release\ucentity.obj
d:\用户目录\我的文档\visual studio 2013\projects\unicorn_engine\unicorn_engine\release\uccubetexture.obj
d:\用户目录\我的文档\visual studio 2013\projects\unicorn_engine\unicorn_engine\release\uccube.obj
d:\用户目录\我的文档\visual studio 2013\projects\unicorn_engine\unicorn_engine\release\uccontroller.obj
d:\用户目录\我的文档\visual studio 2013\projects\unicorn_engine\unicorn_engine\release\uccomponent.obj
d:\用户目录\我的文档\visual studio 2013\projects\unicorn_engine\unicorn_engine\release\uccolor.obj
d:\用户目录\我的文档\visual studio 2013\projects\unicorn_engine\unicorn_engine\release\uccamera.obj
d:\用户目录\我的文档\visual studio 2013\projects\unicorn_engine\unicorn_engine\release\ucbuffer.obj
d:\用户目录\我的文档\visual studio 2013\projects\unicorn_engine\unicorn_engine\release\ucapplication.obj
d:\用户目录\我的文档\visual studio 2013\projects\unicorn_engine\unicorn_engine\release\ucanimatemgr.obj
d:\用户目录\我的文档\visual studio 2013\projects\unicorn_engine\unicorn_engine\release\testscene.obj
d:\用户目录\我的文档\visual studio 2013\projects\unicorn_engine\unicorn_engine\release\ucmodel.obj
d:\用户目录\我的文档\visual studio 2013\projects\unicorn_engine\unicorn_engine\release\ucmath.obj
d:\用户目录\我的文档\visual studio 2013\projects\unicorn_engine\unicorn_engine\release\ucmap.obj
d:\用户目录\我的文档\visual studio 2013\projects\unicorn_engine\unicorn_engine\release\ucdirectionallight.obj
d:\用户目录\我的文档\visual studio 2013\projects\unicorn_engine\unicorn_engine\release\ucboundingbox.obj
d:\用户目录\我的文档\visual studio 2013\projects\unicorn_engine\unicorn_engine\release\ucbillboard.obj
d:\用户目录\我的文档\visual studio 2013\projects\unicorn_engine\unicorn_engine\release\ucanimatectrl.obj
d:\用户目录\我的文档\visual studio 2013\projects\unicorn_engine\unicorn_engine\release\ucquaternion.obj
d:\用户目录\我的文档\visual studio 2013\projects\unicorn_engine\unicorn_engine\release\ucpointlight.obj
d:\用户目录\我的文档\visual studio 2013\projects\unicorn_engine\unicorn_engine\release\ucparticles.obj
d:\用户目录\我的文档\visual studio 2013\projects\unicorn_engine\unicorn_engine\release\ucparticlemgr.obj
d:\用户目录\我的文档\visual studio 2013\projects\unicorn_engine\unicorn_engine\release\ucnodeptr.obj
d:\用户目录\我的文档\visual studio 2013\projects\unicorn_engine\unicorn_engine\release\ucnode.obj
d:\用户目录\我的文档\visual studio 2013\projects\unicorn_engine\unicorn_engine\release\ucmotion.obj
d:\用户目录\我的文档\visual studio 2013\projects\unicorn_engine\unicorn_engine\release\ucmesh.obj
d:\用户目录\我的文档\visual studio 2013\projects\unicorn_engine\unicorn_engine\release\ucmempoolmgr.obj
d:\用户目录\我的文档\visual studio 2013\projects\unicorn_engine\unicorn_engine\release\ucmempool.obj
d:\用户目录\我的文档\visual studio 2013\projects\unicorn_engine\unicorn_engine\release\ucmaterial.obj
d:\用户目录\我的文档\visual studio 2013\projects\unicorn_engine\unicorn_engine\release\ucmaincamera.obj
d:\用户目录\我的文档\visual studio 2013\projects\unicorn_engine\unicorn_engine\release\uclogger.obj
d:\用户目录\我的文档\visual studio 2013\projects\unicorn_engine\unicorn_engine\release\uclight.obj
d:\用户目录\我的文档\visual studio 2013\projects\unicorn_engine\unicorn_engine\release\ucindexbuffer.obj
d:\用户目录\我的文档\visual studio 2013\projects\unicorn_engine\unicorn_engine\release\uchud.obj
d:\用户目录\我的文档\visual studio 2013\projects\unicorn_engine\unicorn_engine\release\ucgame.obj
d:\用户目录\我的文档\visual studio 2013\projects\unicorn_engine\unicorn_engine\release\ucfont.obj
d:\用户目录\我的文档\visual studio 2013\projects\unicorn_engine\unicorn_engine\release\uceventnode.obj
d:\用户目录\我的文档\visual studio 2013\projects\unicorn_engine\unicorn_engine\release\ucconsole.obj
d:\用户目录\我的文档\visual studio 2013\projects\unicorn_engine\unicorn_engine\release\uctransform.obj
d:\用户目录\我的文档\visual studio 2013\projects\unicorn_engine\unicorn_engine\release\uctoolbox.obj
d:\用户目录\我的文档\visual studio 2013\projects\unicorn_engine\unicorn_engine\release\uctexture.obj
d:\用户目录\我的文档\visual studio 2013\projects\unicorn_engine\unicorn_engine\release\uctask.obj
d:\用户目录\我的文档\visual studio 2013\projects\unicorn_engine\unicorn_engine\release\ucsmartptr.obj
d:\用户目录\我的文档\visual studio 2013\projects\unicorn_engine\unicorn_engine\release\ucskybox.obj
d:\用户目录\我的文档\visual studio 2013\projects\unicorn_engine\unicorn_engine\release\ucsize.obj
d:\用户目录\我的文档\visual studio 2013\projects\unicorn_engine\unicorn_engine\release\ucshaderprogram.obj
d:\用户目录\我的文档\visual studio 2013\projects\unicorn_engine\unicorn_engine\release\ucshadermgr.obj
d:\用户目录\我的文档\visual studio 2013\projects\unicorn_engine\unicorn_engine\release\ucshader.obj
d:\用户目录\我的文档\visual studio 2013\projects\unicorn_engine\unicorn_engine\release\ucscenemgr.obj
d:\用户目录\我的文档\visual studio 2013\projects\unicorn_engine\unicorn_engine\release\ucscene.obj
d:\用户目录\我的文档\visual studio 2013\projects\unicorn_engine\unicorn_engine\release\ucrenderqueue.obj
d:\用户目录\我的文档\visual studio 2013\projects\unicorn_engine\unicorn_engine\release\ucrenderercomponenet.obj
d:\用户目录\我的文档\visual studio 2013\projects\unicorn_engine\unicorn_engine\release\ucrenderer.obj
d:\用户目录\我的文档\visual studio 2013\projects\unicorn_engine\unicorn_engine\release\ucrenderdata.obj
d:\用户目录\我的文档\visual studio 2013\projects\unicorn_engine\unicorn_engine\release\ucrendercommand.obj
d:\用户目录\我的文档\visual studio 2013\projects\unicorn_engine\unicorn_engine\release\ucrenderableobject.obj
d:\用户目录\我的文档\visual studio 2013\projects\unicorn_engine\unicorn_engine\release\ucray.obj
d:\用户目录\我的文档\visual studio 2013\projects\unicorn_engine\unicorn_engine\release\ucrandomtexture.obj
d:\用户目录\我的文档\visual studio 2013\projects\unicorn_engine\unicorn_engine\release\ucmeshes.obj
d:\用户目录\我的文档\visual studio 2013\projects\unicorn_engine\unicorn_engine\release\ucmatrix.obj
d:\用户目录\我的文档\visual studio 2013\projects\unicorn_engine\unicorn_engine\release\main.obj
d:\用户目录\我的文档\visual studio 2013\projects\unicorn_engine\unicorn_engine\release\ucvbuffer.obj
d:\用户目录\我的文档\visual studio 2013\projects\unicorn_engine\unicorn_engine\release\ucvector2.obj
d:\用户目录\我的文档\visual studio 2013\projects\unicorn_engine\unicorn_engine\release\ucpackage.obj
d:\用户目录\我的文档\visual studio 2013\projects\unicorn_engine\unicorn_engine\release\ucobject.obj
d:\用户目录\我的文档\visual studio 2013\projects\unicorn_engine\unicorn_engine\release\uctexturemgr.obj
d:\用户目录\我的文档\visual studio 2013\projects\unicorn_engine\unicorn_engine\release\ucrendermgr.obj
d:\用户目录\我的文档\visual studio 2013\projects\unicorn_engine\unicorn_engine\release\ucreference.obj
d:\用户目录\我的文档\visual studio 2013\projects\unicorn_engine\unicorn_engine\release\ucviewport.obj
d:\用户目录\我的文档\visual studio 2013\projects\unicorn_engine\unicorn_engine\release\ucvertexbuffer.obj
d:\用户目录\我的文档\visual studio 2013\projects\unicorn_engine\unicorn_engine\release\ucglvertexbuffer.obj
d:\用户目录\我的文档\visual studio 2013\projects\unicorn_engine\unicorn_engine\release\ucvector3.obj
d:\用户目录\我的文档\visual studio 2013\projects\unicorn_engine\unicorn_engine\release\uctweener.obj
d:\用户目录\我的文档\visual studio 2013\projects\unicorn_engine\unicorn_engine\release\ucglbuffer.obj
d:\用户目录\我的文档\visual studio 2013\projects\unicorn_engine\unicorn_engine\release\ucframebuffer.obj
d:\用户目录\我的文档\visual studio 2013\projects\unicorn_engine\unicorn_engine\release\ucplane.obj
d:\用户目录\我的文档\visual studio 2013\projects\unicorn_engine\unicorn_engine\release\uctexturemap.obj
d:\用户目录\我的文档\visual studio 2013\projects\unicorn_engine\unicorn_engine\release\ucstandardmempool.obj
d:\用户目录\我的文档\visual studio 2013\projects\unicorn_engine\unicorn_engine\release\ucshadowmap.obj
d:\用户目录\我的文档\visual studio 2013\projects\unicorn_engine\unicorn_engine\release\uctext.obj
d:\用户目录\我的文档\visual studio 2013\projects\unicorn_engine\release\unicorn_engine.lib
d:\用户目录\我的文档\visual studio 2013\projects\unicorn_engine\release\unicorn_engine.exe
d:\用户目录\我的文档\visual studio 2013\projects\unicorn_engine\release\unicorn_engine.pdb
d:\用户目录\我的文档\visual studio 2013\projects\unicorn_engine\unicorn_engine\release\unicorn_engine.tlog\cl.command.1.tlog
d:\用户目录\我的文档\visual studio 2013\projects\unicorn_engine\unicorn_engine\release\unicorn_engine.tlog\cl.read.1.tlog
d:\用户目录\我的文档\visual studio 2013\projects\unicorn_engine\unicorn_engine\release\unicorn_engine.tlog\cl.write.1.tlog
d:\用户目录\我的文档\visual studio 2013\projects\unicorn_engine\unicorn_engine\release\unicorn_engine.tlog\lib-link.read.1.tlog
d:\用户目录\我的文档\visual studio 2013\projects\unicorn_engine\unicorn_engine\release\unicorn_engine.tlog\lib-link.write.1.tlog
d:\用户目录\我的文档\visual studio 2013\projects\unicorn_engine\unicorn_engine\release\unicorn_engine.tlog\lib.command.1.tlog
d:\用户目录\我的文档\visual studio 2013\projects\unicorn_engine\unicorn_engine\release\unicorn_engine.tlog\link.command.1.tlog
d:\用户目录\我的文档\visual studio 2013\projects\unicorn_engine\unicorn_engine\release\unicorn_engine.tlog\link.read.1.tlog
d:\用户目录\我的文档\visual studio 2013\projects\unicorn_engine\unicorn_engine\release\unicorn_engine.tlog\link.write.1.tlog
d:\用户目录\我的文档\visual studio 2013\projects\unicorn_engine\unicorn_engine\release\unicorn_engine.tlog\unicorn_engine.write.1u.tlog
